

============================== 2022-01-16 11:14:24.443685 | a89ee2a5-9a89-43d0-bc6e-71f7222908bc ==============================
11:14:24.443685 [info ] [MainThread]: Running with dbt=1.0.1
11:14:24.443983 [debug] [MainThread]: running dbt with arguments Namespace(cls=<class 'dbt.task.debug.DebugTask'>, config_dir=False, debug=None, defer=None, event_buffer_size=None, fail_fast=None, log_cache_events=False, log_format=None, partial_parse=None, printer_width=None, profile=None, profiles_dir='/home/manish/.dbt', project_dir=None, record_timing_info=None, rpc_method=None, send_anonymous_usage_stats=None, single_threaded=False, state=None, static_parser=None, target=None, use_colors=None, use_experimental_parser=None, vars='{}', version_check=None, warn_error=None, which='debug', write_json=None)
11:14:24.444200 [debug] [MainThread]: Tracking: tracking
11:14:24.451888 [debug] [MainThread]: Sending event: {'category': 'dbt', 'action': 'invocation', 'label': 'start', 'context': [<snowplow_tracker.self_describing_json.SelfDescribingJson object at 0x7f6969a16460>, <snowplow_tracker.self_describing_json.SelfDescribingJson object at 0x7f6969a16280>, <snowplow_tracker.self_describing_json.SelfDescribingJson object at 0x7f6969a161f0>]}
11:14:24.494915 [debug] [MainThread]: Executing "git --help"
11:14:24.498518 [debug] [MainThread]: STDOUT: "b"usage: git [--version] [--help] [-C <path>] [-c <name>=<value>]\n           [--exec-path[=<path>]] [--html-path] [--man-path] [--info-path]\n           [-p | --paginate | -P | --no-pager] [--no-replace-objects] [--bare]\n           [--git-dir=<path>] [--work-tree=<path>] [--namespace=<name>]\n           <command> [<args>]\n\nThese are common Git commands used in various situations:\n\nstart a working area (see also: git help tutorial)\n   clone             Clone a repository into a new directory\n   init              Create an empty Git repository or reinitialize an existing one\n\nwork on the current change (see also: git help everyday)\n   add               Add file contents to the index\n   mv                Move or rename a file, a directory, or a symlink\n   restore           Restore working tree files\n   rm                Remove files from the working tree and from the index\n   sparse-checkout   Initialize and modify the sparse-checkout\n\nexamine the history and state (see also: git help revisions)\n   bisect            Use binary search to find the commit that introduced a bug\n   diff              Show changes between commits, commit and working tree, etc\n   grep              Print lines matching a pattern\n   log               Show commit logs\n   show              Show various types of objects\n   status            Show the working tree status\n\ngrow, mark and tweak your common history\n   branch            List, create, or delete branches\n   commit            Record changes to the repository\n   merge             Join two or more development histories together\n   rebase            Reapply commits on top of another base tip\n   reset             Reset current HEAD to the specified state\n   switch            Switch branches\n   tag               Create, list, delete or verify a tag object signed with GPG\n\ncollaborate (see also: git help workflows)\n   fetch             Download objects and refs from another repository\n   pull              Fetch from and integrate with another repository or a local branch\n   push              Update remote refs along with associated objects\n\n'git help -a' and 'git help -g' list available subcommands and some\nconcept guides. See 'git help <command>' or 'git help <concept>'\nto read about a specific subcommand or concept.\nSee 'git help git' for an overview of the system.\n""
11:14:24.498803 [debug] [MainThread]: STDERR: "b''"
11:14:24.502390 [debug] [MainThread]: Acquiring new postgres connection "debug"
11:14:24.502871 [debug] [MainThread]: Using postgres connection "debug"
11:14:24.503018 [debug] [MainThread]: On debug: select 1 as id
11:14:24.503170 [debug] [MainThread]: Opening a new connection, currently in state init
11:14:27.502604 [debug] [MainThread]: SQL status: SELECT 1 in 3.0 seconds
11:14:27.507597 [debug] [MainThread]: On debug: Close
11:14:27.509679 [debug] [MainThread]: Sending event: {'category': 'dbt', 'action': 'invocation', 'label': 'end', 'context': [<snowplow_tracker.self_describing_json.SelfDescribingJson object at 0x7f696823ba00>, <snowplow_tracker.self_describing_json.SelfDescribingJson object at 0x7f6968236ac0>, <snowplow_tracker.self_describing_json.SelfDescribingJson object at 0x7f6968236c10>]}
11:14:29.234998 [debug] [MainThread]: Connection 'debug' was properly closed.


============================== 2022-01-16 11:16:22.911307 | ac9f6734-2510-48bb-b176-45f51db40af0 ==============================
11:16:22.911307 [info ] [MainThread]: Running with dbt=1.0.1
11:16:22.911622 [debug] [MainThread]: running dbt with arguments Namespace(cls=<class 'dbt.task.debug.DebugTask'>, config_dir=False, debug=None, defer=None, event_buffer_size=None, fail_fast=None, log_cache_events=False, log_format=None, partial_parse=None, printer_width=None, profile=None, profiles_dir='/home/manish/.dbt', project_dir=None, record_timing_info=None, rpc_method=None, send_anonymous_usage_stats=None, single_threaded=False, state=None, static_parser=None, target=None, use_colors=None, use_experimental_parser=None, vars='{}', version_check=None, warn_error=None, which='debug', write_json=None)
11:16:22.911801 [debug] [MainThread]: Tracking: tracking
11:16:22.919671 [debug] [MainThread]: Sending event: {'category': 'dbt', 'action': 'invocation', 'label': 'start', 'context': [<snowplow_tracker.self_describing_json.SelfDescribingJson object at 0x7fd6b41c53d0>, <snowplow_tracker.self_describing_json.SelfDescribingJson object at 0x7fd6b41c5220>, <snowplow_tracker.self_describing_json.SelfDescribingJson object at 0x7fd6b41c5310>]}
11:16:22.968789 [debug] [MainThread]: Executing "git --help"
11:16:22.972419 [debug] [MainThread]: STDOUT: "b"usage: git [--version] [--help] [-C <path>] [-c <name>=<value>]\n           [--exec-path[=<path>]] [--html-path] [--man-path] [--info-path]\n           [-p | --paginate | -P | --no-pager] [--no-replace-objects] [--bare]\n           [--git-dir=<path>] [--work-tree=<path>] [--namespace=<name>]\n           <command> [<args>]\n\nThese are common Git commands used in various situations:\n\nstart a working area (see also: git help tutorial)\n   clone             Clone a repository into a new directory\n   init              Create an empty Git repository or reinitialize an existing one\n\nwork on the current change (see also: git help everyday)\n   add               Add file contents to the index\n   mv                Move or rename a file, a directory, or a symlink\n   restore           Restore working tree files\n   rm                Remove files from the working tree and from the index\n   sparse-checkout   Initialize and modify the sparse-checkout\n\nexamine the history and state (see also: git help revisions)\n   bisect            Use binary search to find the commit that introduced a bug\n   diff              Show changes between commits, commit and working tree, etc\n   grep              Print lines matching a pattern\n   log               Show commit logs\n   show              Show various types of objects\n   status            Show the working tree status\n\ngrow, mark and tweak your common history\n   branch            List, create, or delete branches\n   commit            Record changes to the repository\n   merge             Join two or more development histories together\n   rebase            Reapply commits on top of another base tip\n   reset             Reset current HEAD to the specified state\n   switch            Switch branches\n   tag               Create, list, delete or verify a tag object signed with GPG\n\ncollaborate (see also: git help workflows)\n   fetch             Download objects and refs from another repository\n   pull              Fetch from and integrate with another repository or a local branch\n   push              Update remote refs along with associated objects\n\n'git help -a' and 'git help -g' list available subcommands and some\nconcept guides. See 'git help <command>' or 'git help <concept>'\nto read about a specific subcommand or concept.\nSee 'git help git' for an overview of the system.\n""
11:16:22.972804 [debug] [MainThread]: STDERR: "b''"
11:16:22.975801 [debug] [MainThread]: Acquiring new postgres connection "debug"
11:16:22.976751 [debug] [MainThread]: Using postgres connection "debug"
11:16:22.977138 [debug] [MainThread]: On debug: select 1 as id
11:16:22.977365 [debug] [MainThread]: Opening a new connection, currently in state init
11:16:25.773679 [debug] [MainThread]: SQL status: SELECT 1 in 2.8 seconds
11:16:25.776050 [debug] [MainThread]: On debug: Close
11:16:25.776887 [debug] [MainThread]: Sending event: {'category': 'dbt', 'action': 'invocation', 'label': 'end', 'context': [<snowplow_tracker.self_describing_json.SelfDescribingJson object at 0x7fd6b29d0bb0>, <snowplow_tracker.self_describing_json.SelfDescribingJson object at 0x7fd6b29d05e0>, <snowplow_tracker.self_describing_json.SelfDescribingJson object at 0x7fd6b29d07f0>]}
11:16:27.563997 [debug] [MainThread]: Connection 'debug' was properly closed.
